════════════════════════════════════════════════════════════════
OneOps CI gate — GREEN-RUN evidence (make ci-fast)
captured: 2026-05-31T15:40:25Z
════════════════════════════════════════════════════════════════

bash scripts/ci.sh --fast
CI gate — 2026-05-31T15:40:25Z — mode: fast

--- STAGE: ruff (lint) ---
All checks passed!
✓ ruff (lint)

--- STAGE: mypy (typecheck) ---
Success: no issues found in 181 source files
✓ mypy (typecheck)

--- STAGE: pytest -m unit ---
...................                                                      [100%]
=============================== warnings summary ===============================
.venv/lib/python3.12/site-packages/fastapi/testclient.py:1
  /home/kevin-parashar/AI-services/Oneops-NextGen/.venv/lib/python3.12/site-packages/fastapi/testclient.py:1: StarletteDeprecationWarning: Using `httpx` with `starlette.testclient` is deprecated; install `httpx2` instead.
    from starlette.testclient import TestClient as TestClient  # noqa

-- Docs: https://docs.pytest.org/en/stable/how-to/capture-warnings.html
19 passed, 1527 deselected, 1 warning in 8.68s
✓ pytest -m unit

--- STAGE: pytest -m integration ---
⚠ skipped — --fast mode

--- STAGE: smoke (routing baseline 81/84) ---
⚠ deferred — scripts/smoke_routing.py not present (Phase 6 fills in)

--- STAGE: devils (11-probe adversarial) ---
⚠ deferred — scripts/devils_play.py not present (Phase 6 fills in)

✓ CI gate green — 2026-05-31T15:40:25Z → 2026-05-31T15:40:37Z

── make ci-fast exit code: 0 ──
